<?xml version="1.0" encoding="UTF-8"?>
<!-- Generated by org.testng.reporters.JUnitReportReporter -->
<testsuite skipped="0" hostname="LAPTOP-UHFNO702" name="test.AddContactTest" tests="1" failures="0" timestamp="05 Jan 2021 23:48:11 GMT" time="15.177" errors="0">
  <testcase name="userShouldBeAbleToCreateAProfileWithValidContactInformation" time="15.177" classname="test.AddContactTest"/>
</testsuite> <!-- test.AddContactTest -->
