<?xml version="1.0" encoding="UTF-8"?>
<!-- Generated by org.testng.reporters.JUnitReportReporter -->
<testsuite skipped="0" hostname="LAPTOP-UHFNO702" name="test.LoginTest" tests="1" failures="0" timestamp="05 Jan 2021 23:27:14 GMT" time="6.005" errors="0">
  <testcase name="userWithValidCredentialsShouldBeAbleToLogin" time="6.005" classname="test.LoginTest"/>
</testsuite> <!-- test.LoginTest -->
